[2018-11-20 20:17:58] local.ERROR: Call to a member function toAtomString() on string {"exception":"[object] (Symfony\\Component\\Debug\\Exception\\FatalThrowableError(code: 0): Call to a member function toAtomString() on string at /var/www/api/app/JsonApi/Posts/Schema.php:36)
[stacktrace]
#0 /var/www/api/vendor/neomerx/json-api/src/Schema/ResourceObject.php(168): App\\JsonApi\\Posts\\Schema->getAttributes(Object(App\\Post))
#1 /var/www/api/vendor/neomerx/json-api/src/Document/Presenters/ElementPresenter.php(300): Neomerx\\JsonApi\\Schema\\ResourceObject->getAttributes()
#2 /var/www/api/vendor/neomerx/json-api/src/Document/Presenters/ElementPresenter.php(159): Neomerx\\JsonApi\\Document\\Presenters\\ElementPresenter->convertResourceToArray(Object(Neomerx\\JsonApi\\Schema\\ResourceObject), Array, NULL, true)
#3 /var/www/api/vendor/neomerx/json-api/src/Document/Document.php(172): Neomerx\\JsonApi\\Document\\Presenters\\ElementPresenter->convertDataResourceToArray(Object(Neomerx\\JsonApi\\Schema\\ResourceObject), true)
#4 /var/www/api/vendor/neomerx/json-api/src/Encoder/Handlers/ReplyInterpreter.php(152): Neomerx\\JsonApi\\Document\\Document->addToData(Object(Neomerx\\JsonApi\\Schema\\ResourceObject))
#5 /var/www/api/vendor/neomerx/json-api/src/Encoder/Handlers/ReplyInterpreter.php(70): Neomerx\\JsonApi\\Encoder\\Handlers\\ReplyInterpreter->addToData(Object(Neomerx\\JsonApi\\Encoder\\Parser\\ParserReply), Object(Neomerx\\JsonApi\\Encoder\\Stack\\StackFrame))
#6 /var/www/api/vendor/neomerx/json-api/src/Encoder/Encoder.php(227): Neomerx\\JsonApi\\Encoder\\Handlers\\ReplyInterpreter->handle(Object(Neomerx\\JsonApi\\Encoder\\Parser\\ParserReply))
#7 /var/www/api/vendor/neomerx/json-api/src/Encoder/Encoder.php(163): Neomerx\\JsonApi\\Encoder\\Encoder->encodeDataToArray(Object(CloudCreativity\\LaravelJsonApi\\Container), Object(Illuminate\\Database\\Eloquent\\Collection), Object(CloudCreativity\\LaravelJsonApi\\Encoder\\Parameters\\EncodingParameters))
#8 /var/www/api/vendor/neomerx/json-api/src/Http/Responses.php(94): Neomerx\\JsonApi\\Encoder\\Encoder->encodeData(Object(Illuminate\\Database\\Eloquent\\Collection), Object(CloudCreativity\\LaravelJsonApi\\Encoder\\Parameters\\EncodingParameters))
#9 /var/www/api/vendor/cloudcreativity/laravel-json-api/src/Http/Responses/Responses.php(187): Neomerx\\JsonApi\\Http\\Responses->getContentResponse(Object(Illuminate\\Database\\Eloquent\\Collection), 200, Array, NULL, Array)
#10 /var/www/api/vendor/cloudcreativity/laravel-json-api/src/Http/Responses/Responses.php(170): CloudCreativity\\LaravelJsonApi\\Http\\Responses\\Responses->getContentResponse(Object(Illuminate\\Database\\Eloquent\\Collection), 200, Array, NULL, Array)
#11 /var/www/api/vendor/cloudcreativity/laravel-json-api/src/Http/Controllers/JsonApiController.php(76): CloudCreativity\\LaravelJsonApi\\Http\\Responses\\Responses->content(Object(Illuminate\\Database\\Eloquent\\Collection))
#12 [internal function]: CloudCreativity\\LaravelJsonApi\\Http\\Controllers\\JsonApiController->index(Object(CloudCreativity\\LaravelJsonApi\\Store\\Store), Object(CloudCreativity\\LaravelJsonApi\\Http\\Requests\\FetchResources), 'posts')
#13 /var/www/api/vendor/laravel/framework/src/Illuminate/Routing/Controller.php(54): call_user_func_array(Array, Array)
#14 /var/www/api/vendor/laravel/framework/src/Illuminate/Routing/ControllerDispatcher.php(45): Illuminate\\Routing\\Controller->callAction('index', Array)
#15 /var/www/api/vendor/laravel/framework/src/Illuminate/Routing/Route.php(212): Illuminate\\Routing\\ControllerDispatcher->dispatch(Object(Illuminate\\Routing\\Route), Object(CloudCreativity\\LaravelJsonApi\\Http\\Controllers\\JsonApiController), 'index')
#16 /var/www/api/vendor/laravel/framework/src/Illuminate/Routing/Route.php(169): Illuminate\\Routing\\Route->runController()
#17 /var/www/api/vendor/laravel/framework/src/Illuminate/Routing/Router.php(679): Illuminate\\Routing\\Route->run()
#18 /var/www/api/vendor/laravel/framework/src/Illuminate/Routing/Pipeline.php(30): Illuminate\\Routing\\Router->Illuminate\\Routing\\{closure}(Object(Illuminate\\Http\\Request))
#19 /var/www/api/vendor/cloudcreativity/laravel-json-api/src/Http/Middleware/SubstituteBindings.php(70): Illuminate\\Routing\\Pipeline->Illuminate\\Routing\\{closure}(Object(Illuminate\\Http\\Request))
#20 /var/www/api/vendor/laravel/framework/src/Illuminate/Pipeline/Pipeline.php(151): CloudCreativity\\LaravelJsonApi\\Http\\Middleware\\SubstituteBindings->handle(Object(Illuminate\\Http\\Request), Object(Closure))
#21 /var/www/api/vendor/laravel/framework/src/Illuminate/Routing/Pipeline.php(53): Illuminate\\Pipeline\\Pipeline->Illuminate\\Pipeline\\{closure}(Object(Illuminate\\Http\\Request))
#22 /var/www/api/vendor/cloudcreativity/laravel-json-api/src/Http/Middleware/BootJsonApi.php(86): Illuminate\\Routing\\Pipeline->Illuminate\\Routing\\{closure}(Object(Illuminate\\Http\\Request))
#23 /var/www/api/vendor/laravel/framework/src/Illuminate/Pipeline/Pipeline.php(151): CloudCreativity\\LaravelJsonApi\\Http\\Middleware\\BootJsonApi->handle(Object(Illuminate\\Http\\Request), Object(Closure), 'default')
#24 /var/www/api/vendor/laravel/framework/src/Illuminate/Routing/Pipeline.php(53): Illuminate\\Pipeline\\Pipeline->Illuminate\\Pipeline\\{closure}(Object(Illuminate\\Http\\Request))
#25 /var/www/api/vendor/laravel/framework/src/Illuminate/Routing/Middleware/SubstituteBindings.php(41): Illuminate\\Routing\\Pipeline->Illuminate\\Routing\\{closure}(Object(Illuminate\\Http\\Request))
#26 /var/www/api/vendor/laravel/framework/src/Illuminate/Pipeline/Pipeline.php(151): Illuminate\\Routing\\Middleware\\SubstituteBindings->handle(Object(Illuminate\\Http\\Request), Object(Closure))
#27 /var/www/api/vendor/laravel/framework/src/Illuminate/Routing/Pipeline.php(53): Illuminate\\Pipeline\\Pipeline->Illuminate\\Pipeline\\{closure}(Object(Illuminate\\Http\\Request))
#28 /var/www/api/vendor/laravel/framework/src/Illuminate/Routing/Middleware/ThrottleRequests.php(58): Illuminate\\Routing\\Pipeline->Illuminate\\Routing\\{closure}(Object(Illuminate\\Http\\Request))
#29 /var/www/api/vendor/laravel/framework/src/Illuminate/Pipeline/Pipeline.php(151): Illuminate\\Routing\\Middleware\\ThrottleRequests->handle(Object(Illuminate\\Http\\Request), Object(Closure), 60, '1')
#30 /var/www/api/vendor/laravel/framework/src/Illuminate/Routing/Pipeline.php(53): Illuminate\\Pipeline\\Pipeline->Illuminate\\Pipeline\\{closure}(Object(Illuminate\\Http\\Request))
#31 /var/www/api/vendor/laravel/framework/src/Illuminate/Pipeline/Pipeline.php(104): Illuminate\\Routing\\Pipeline->Illuminate\\Routing\\{closure}(Object(Illuminate\\Http\\Request))
#32 /var/www/api/vendor/laravel/framework/src/Illuminate/Routing/Router.php(681): Illuminate\\Pipeline\\Pipeline->then(Object(Closure))
#33 /var/www/api/vendor/laravel/framework/src/Illuminate/Routing/Router.php(656): Illuminate\\Routing\\Router->runRouteWithinStack(Object(Illuminate\\Routing\\Route), Object(Illuminate\\Http\\Request))
#34 /var/www/api/vendor/laravel/framework/src/Illuminate/Routing/Router.php(622): Illuminate\\Routing\\Router->runRoute(Object(Illuminate\\Http\\Request), Object(Illuminate\\Routing\\Route))
#35 /var/www/api/vendor/laravel/framework/src/Illuminate/Routing/Router.php(611): Illuminate\\Routing\\Router->dispatchToRoute(Object(Illuminate\\Http\\Request))
#36 /var/www/api/vendor/laravel/framework/src/Illuminate/Foundation/Http/Kernel.php(176): Illuminate\\Routing\\Router->dispatch(Object(Illuminate\\Http\\Request))
#37 /var/www/api/vendor/laravel/framework/src/Illuminate/Routing/Pipeline.php(30): Illuminate\\Foundation\\Http\\Kernel->Illuminate\\Foundation\\Http\\{closure}(Object(Illuminate\\Http\\Request))
#38 /var/www/api/vendor/barryvdh/laravel-cors/src/HandleCors.php(36): Illuminate\\Routing\\Pipeline->Illuminate\\Routing\\{closure}(Object(Illuminate\\Http\\Request))
#39 /var/www/api/vendor/laravel/framework/src/Illuminate/Pipeline/Pipeline.php(151): Barryvdh\\Cors\\HandleCors->handle(Object(Illuminate\\Http\\Request), Object(Closure))
#40 /var/www/api/vendor/laravel/framework/src/Illuminate/Routing/Pipeline.php(53): Illuminate\\Pipeline\\Pipeline->Illuminate\\Pipeline\\{closure}(Object(Illuminate\\Http\\Request))
#41 /var/www/api/vendor/fideloper/proxy/src/TrustProxies.php(57): Illuminate\\Routing\\Pipeline->Illuminate\\Routing\\{closure}(Object(Illuminate\\Http\\Request))
#42 /var/www/api/vendor/laravel/framework/src/Illuminate/Pipeline/Pipeline.php(151): Fideloper\\Proxy\\TrustProxies->handle(Object(Illuminate\\Http\\Request), Object(Closure))
#43 /var/www/api/vendor/laravel/framework/src/Illuminate/Routing/Pipeline.php(53): Illuminate\\Pipeline\\Pipeline->Illuminate\\Pipeline\\{closure}(Object(Illuminate\\Http\\Request))
#44 /var/www/api/vendor/laravel/framework/src/Illuminate/Foundation/Http/Middleware/TransformsRequest.php(31): Illuminate\\Routing\\Pipeline->Illuminate\\Routing\\{closure}(Object(Illuminate\\Http\\Request))
#45 /var/www/api/vendor/laravel/framework/src/Illuminate/Pipeline/Pipeline.php(151): Illuminate\\Foundation\\Http\\Middleware\\TransformsRequest->handle(Object(Illuminate\\Http\\Request), Object(Closure))
#46 /var/www/api/vendor/laravel/framework/src/Illuminate/Routing/Pipeline.php(53): Illuminate\\Pipeline\\Pipeline->Illuminate\\Pipeline\\{closure}(Object(Illuminate\\Http\\Request))
#47 /var/www/api/vendor/laravel/framework/src/Illuminate/Foundation/Http/Middleware/TransformsRequest.php(31): Illuminate\\Routing\\Pipeline->Illuminate\\Routing\\{closure}(Object(Illuminate\\Http\\Request))
#48 /var/www/api/vendor/laravel/framework/src/Illuminate/Pipeline/Pipeline.php(151): Illuminate\\Foundation\\Http\\Middleware\\TransformsRequest->handle(Object(Illuminate\\Http\\Request), Object(Closure))
#49 /var/www/api/vendor/laravel/framework/src/Illuminate/Routing/Pipeline.php(53): Illuminate\\Pipeline\\Pipeline->Illuminate\\Pipeline\\{closure}(Object(Illuminate\\Http\\Request))
#50 /var/www/api/vendor/laravel/framework/src/Illuminate/Foundation/Http/Middleware/ValidatePostSize.php(27): Illuminate\\Routing\\Pipeline->Illuminate\\Routing\\{closure}(Object(Illuminate\\Http\\Request))
#51 /var/www/api/vendor/laravel/framework/src/Illuminate/Pipeline/Pipeline.php(151): Illuminate\\Foundation\\Http\\Middleware\\ValidatePostSize->handle(Object(Illuminate\\Http\\Request), Object(Closure))
#52 /var/www/api/vendor/laravel/framework/src/Illuminate/Routing/Pipeline.php(53): Illuminate\\Pipeline\\Pipeline->Illuminate\\Pipeline\\{closure}(Object(Illuminate\\Http\\Request))
#53 /var/www/api/vendor/laravel/framework/src/Illuminate/Foundation/Http/Middleware/CheckForMaintenanceMode.php(62): Illuminate\\Routing\\Pipeline->Illuminate\\Routing\\{closure}(Object(Illuminate\\Http\\Request))
#54 /var/www/api/vendor/laravel/framework/src/Illuminate/Pipeline/Pipeline.php(151): Illuminate\\Foundation\\Http\\Middleware\\CheckForMaintenanceMode->handle(Object(Illuminate\\Http\\Request), Object(Closure))
#55 /var/www/api/vendor/laravel/framework/src/Illuminate/Routing/Pipeline.php(53): Illuminate\\Pipeline\\Pipeline->Illuminate\\Pipeline\\{closure}(Object(Illuminate\\Http\\Request))
#56 /var/www/api/vendor/laravel/framework/src/Illuminate/Pipeline/Pipeline.php(104): Illuminate\\Routing\\Pipeline->Illuminate\\Routing\\{closure}(Object(Illuminate\\Http\\Request))
#57 /var/www/api/vendor/laravel/framework/src/Illuminate/Foundation/Http/Kernel.php(151): Illuminate\\Pipeline\\Pipeline->then(Object(Closure))
#58 /var/www/api/vendor/laravel/framework/src/Illuminate/Foundation/Http/Kernel.php(116): Illuminate\\Foundation\\Http\\Kernel->sendRequestThroughRouter(Object(Illuminate\\Http\\Request))
#59 /var/www/api/public/index.php(55): Illuminate\\Foundation\\Http\\Kernel->handle(Object(Illuminate\\Http\\Request))
#60 {main}
"} 
[2018-11-20 20:19:12] local.ERROR: Call to a member function toAtomString() on string {"exception":"[object] (Symfony\\Component\\Debug\\Exception\\FatalThrowableError(code: 0): Call to a member function toAtomString() on string at /var/www/api/app/JsonApi/Posts/Schema.php:36)
[stacktrace]
#0 /var/www/api/vendor/neomerx/json-api/src/Schema/ResourceObject.php(168): App\\JsonApi\\Posts\\Schema->getAttributes(Object(App\\Post))
#1 /var/www/api/vendor/neomerx/json-api/src/Document/Presenters/ElementPresenter.php(300): Neomerx\\JsonApi\\Schema\\ResourceObject->getAttributes()
#2 /var/www/api/vendor/neomerx/json-api/src/Document/Presenters/ElementPresenter.php(159): Neomerx\\JsonApi\\Document\\Presenters\\ElementPresenter->convertResourceToArray(Object(Neomerx\\JsonApi\\Schema\\ResourceObject), Array, NULL, true)
#3 /var/www/api/vendor/neomerx/json-api/src/Document/Document.php(172): Neomerx\\JsonApi\\Document\\Presenters\\ElementPresenter->convertDataResourceToArray(Object(Neomerx\\JsonApi\\Schema\\ResourceObject), true)
#4 /var/www/api/vendor/neomerx/json-api/src/Encoder/Handlers/ReplyInterpreter.php(152): Neomerx\\JsonApi\\Document\\Document->addToData(Object(Neomerx\\JsonApi\\Schema\\ResourceObject))
#5 /var/www/api/vendor/neomerx/json-api/src/Encoder/Handlers/ReplyInterpreter.php(70): Neomerx\\JsonApi\\Encoder\\Handlers\\ReplyInterpreter->addToData(Object(Neomerx\\JsonApi\\Encoder\\Parser\\ParserReply), Object(Neomerx\\JsonApi\\Encoder\\Stack\\StackFrame))
#6 /var/www/api/vendor/neomerx/json-api/src/Encoder/Encoder.php(227): Neomerx\\JsonApi\\Encoder\\Handlers\\ReplyInterpreter->handle(Object(Neomerx\\JsonApi\\Encoder\\Parser\\ParserReply))
#7 /var/www/api/vendor/neomerx/json-api/src/Encoder/Encoder.php(163): Neomerx\\JsonApi\\Encoder\\Encoder->encodeDataToArray(Object(CloudCreativity\\LaravelJsonApi\\Container), Object(Illuminate\\Database\\Eloquent\\Collection), Object(CloudCreativity\\LaravelJsonApi\\Encoder\\Parameters\\EncodingParameters))
#8 /var/www/api/vendor/neomerx/json-api/src/Http/Responses.php(94): Neomerx\\JsonApi\\Encoder\\Encoder->encodeData(Object(Illuminate\\Database\\Eloquent\\Collection), Object(CloudCreativity\\LaravelJsonApi\\Encoder\\Parameters\\EncodingParameters))
#9 /var/www/api/vendor/cloudcreativity/laravel-json-api/src/Http/Responses/Responses.php(187): Neomerx\\JsonApi\\Http\\Responses->getContentResponse(Object(Illuminate\\Database\\Eloquent\\Collection), 200, Array, NULL, Array)
#10 /var/www/api/vendor/cloudcreativity/laravel-json-api/src/Http/Responses/Responses.php(170): CloudCreativity\\LaravelJsonApi\\Http\\Responses\\Responses->getContentResponse(Object(Illuminate\\Database\\Eloquent\\Collection), 200, Array, NULL, Array)
#11 /var/www/api/vendor/cloudcreativity/laravel-json-api/src/Http/Controllers/JsonApiController.php(76): CloudCreativity\\LaravelJsonApi\\Http\\Responses\\Responses->content(Object(Illuminate\\Database\\Eloquent\\Collection))
#12 [internal function]: CloudCreativity\\LaravelJsonApi\\Http\\Controllers\\JsonApiController->index(Object(CloudCreativity\\LaravelJsonApi\\Store\\Store), Object(CloudCreativity\\LaravelJsonApi\\Http\\Requests\\FetchResources), 'posts')
#13 /var/www/api/vendor/laravel/framework/src/Illuminate/Routing/Controller.php(54): call_user_func_array(Array, Array)
#14 /var/www/api/vendor/laravel/framework/src/Illuminate/Routing/ControllerDispatcher.php(45): Illuminate\\Routing\\Controller->callAction('index', Array)
#15 /var/www/api/vendor/laravel/framework/src/Illuminate/Routing/Route.php(212): Illuminate\\Routing\\ControllerDispatcher->dispatch(Object(Illuminate\\Routing\\Route), Object(CloudCreativity\\LaravelJsonApi\\Http\\Controllers\\JsonApiController), 'index')
#16 /var/www/api/vendor/laravel/framework/src/Illuminate/Routing/Route.php(169): Illuminate\\Routing\\Route->runController()
#17 /var/www/api/vendor/laravel/framework/src/Illuminate/Routing/Router.php(679): Illuminate\\Routing\\Route->run()
#18 /var/www/api/vendor/laravel/framework/src/Illuminate/Routing/Pipeline.php(30): Illuminate\\Routing\\Router->Illuminate\\Routing\\{closure}(Object(Illuminate\\Http\\Request))
#19 /var/www/api/vendor/cloudcreativity/laravel-json-api/src/Http/Middleware/SubstituteBindings.php(70): Illuminate\\Routing\\Pipeline->Illuminate\\Routing\\{closure}(Object(Illuminate\\Http\\Request))
#20 /var/www/api/vendor/laravel/framework/src/Illuminate/Pipeline/Pipeline.php(151): CloudCreativity\\LaravelJsonApi\\Http\\Middleware\\SubstituteBindings->handle(Object(Illuminate\\Http\\Request), Object(Closure))
#21 /var/www/api/vendor/laravel/framework/src/Illuminate/Routing/Pipeline.php(53): Illuminate\\Pipeline\\Pipeline->Illuminate\\Pipeline\\{closure}(Object(Illuminate\\Http\\Request))
#22 /var/www/api/vendor/cloudcreativity/laravel-json-api/src/Http/Middleware/BootJsonApi.php(86): Illuminate\\Routing\\Pipeline->Illuminate\\Routing\\{closure}(Object(Illuminate\\Http\\Request))
#23 /var/www/api/vendor/laravel/framework/src/Illuminate/Pipeline/Pipeline.php(151): CloudCreativity\\LaravelJsonApi\\Http\\Middleware\\BootJsonApi->handle(Object(Illuminate\\Http\\Request), Object(Closure), 'default')
#24 /var/www/api/vendor/laravel/framework/src/Illuminate/Routing/Pipeline.php(53): Illuminate\\Pipeline\\Pipeline->Illuminate\\Pipeline\\{closure}(Object(Illuminate\\Http\\Request))
#25 /var/www/api/vendor/laravel/framework/src/Illuminate/Routing/Middleware/SubstituteBindings.php(41): Illuminate\\Routing\\Pipeline->Illuminate\\Routing\\{closure}(Object(Illuminate\\Http\\Request))
#26 /var/www/api/vendor/laravel/framework/src/Illuminate/Pipeline/Pipeline.php(151): Illuminate\\Routing\\Middleware\\SubstituteBindings->handle(Object(Illuminate\\Http\\Request), Object(Closure))
#27 /var/www/api/vendor/laravel/framework/src/Illuminate/Routing/Pipeline.php(53): Illuminate\\Pipeline\\Pipeline->Illuminate\\Pipeline\\{closure}(Object(Illuminate\\Http\\Request))
#28 /var/www/api/vendor/laravel/framework/src/Illuminate/Routing/Middleware/ThrottleRequests.php(58): Illuminate\\Routing\\Pipeline->Illuminate\\Routing\\{closure}(Object(Illuminate\\Http\\Request))
#29 /var/www/api/vendor/laravel/framework/src/Illuminate/Pipeline/Pipeline.php(151): Illuminate\\Routing\\Middleware\\ThrottleRequests->handle(Object(Illuminate\\Http\\Request), Object(Closure), 60, '1')
#30 /var/www/api/vendor/laravel/framework/src/Illuminate/Routing/Pipeline.php(53): Illuminate\\Pipeline\\Pipeline->Illuminate\\Pipeline\\{closure}(Object(Illuminate\\Http\\Request))
#31 /var/www/api/vendor/laravel/framework/src/Illuminate/Pipeline/Pipeline.php(104): Illuminate\\Routing\\Pipeline->Illuminate\\Routing\\{closure}(Object(Illuminate\\Http\\Request))
#32 /var/www/api/vendor/laravel/framework/src/Illuminate/Routing/Router.php(681): Illuminate\\Pipeline\\Pipeline->then(Object(Closure))
#33 /var/www/api/vendor/laravel/framework/src/Illuminate/Routing/Router.php(656): Illuminate\\Routing\\Router->runRouteWithinStack(Object(Illuminate\\Routing\\Route), Object(Illuminate\\Http\\Request))
#34 /var/www/api/vendor/laravel/framework/src/Illuminate/Routing/Router.php(622): Illuminate\\Routing\\Router->runRoute(Object(Illuminate\\Http\\Request), Object(Illuminate\\Routing\\Route))
#35 /var/www/api/vendor/laravel/framework/src/Illuminate/Routing/Router.php(611): Illuminate\\Routing\\Router->dispatchToRoute(Object(Illuminate\\Http\\Request))
#36 /var/www/api/vendor/laravel/framework/src/Illuminate/Foundation/Http/Kernel.php(176): Illuminate\\Routing\\Router->dispatch(Object(Illuminate\\Http\\Request))
#37 /var/www/api/vendor/laravel/framework/src/Illuminate/Routing/Pipeline.php(30): Illuminate\\Foundation\\Http\\Kernel->Illuminate\\Foundation\\Http\\{closure}(Object(Illuminate\\Http\\Request))
#38 /var/www/api/vendor/barryvdh/laravel-cors/src/HandleCors.php(36): Illuminate\\Routing\\Pipeline->Illuminate\\Routing\\{closure}(Object(Illuminate\\Http\\Request))
#39 /var/www/api/vendor/laravel/framework/src/Illuminate/Pipeline/Pipeline.php(151): Barryvdh\\Cors\\HandleCors->handle(Object(Illuminate\\Http\\Request), Object(Closure))
#40 /var/www/api/vendor/laravel/framework/src/Illuminate/Routing/Pipeline.php(53): Illuminate\\Pipeline\\Pipeline->Illuminate\\Pipeline\\{closure}(Object(Illuminate\\Http\\Request))
#41 /var/www/api/vendor/fideloper/proxy/src/TrustProxies.php(57): Illuminate\\Routing\\Pipeline->Illuminate\\Routing\\{closure}(Object(Illuminate\\Http\\Request))
#42 /var/www/api/vendor/laravel/framework/src/Illuminate/Pipeline/Pipeline.php(151): Fideloper\\Proxy\\TrustProxies->handle(Object(Illuminate\\Http\\Request), Object(Closure))
#43 /var/www/api/vendor/laravel/framework/src/Illuminate/Routing/Pipeline.php(53): Illuminate\\Pipeline\\Pipeline->Illuminate\\Pipeline\\{closure}(Object(Illuminate\\Http\\Request))
#44 /var/www/api/vendor/laravel/framework/src/Illuminate/Foundation/Http/Middleware/TransformsRequest.php(31): Illuminate\\Routing\\Pipeline->Illuminate\\Routing\\{closure}(Object(Illuminate\\Http\\Request))
#45 /var/www/api/vendor/laravel/framework/src/Illuminate/Pipeline/Pipeline.php(151): Illuminate\\Foundation\\Http\\Middleware\\TransformsRequest->handle(Object(Illuminate\\Http\\Request), Object(Closure))
#46 /var/www/api/vendor/laravel/framework/src/Illuminate/Routing/Pipeline.php(53): Illuminate\\Pipeline\\Pipeline->Illuminate\\Pipeline\\{closure}(Object(Illuminate\\Http\\Request))
#47 /var/www/api/vendor/laravel/framework/src/Illuminate/Foundation/Http/Middleware/TransformsRequest.php(31): Illuminate\\Routing\\Pipeline->Illuminate\\Routing\\{closure}(Object(Illuminate\\Http\\Request))
#48 /var/www/api/vendor/laravel/framework/src/Illuminate/Pipeline/Pipeline.php(151): Illuminate\\Foundation\\Http\\Middleware\\TransformsRequest->handle(Object(Illuminate\\Http\\Request), Object(Closure))
#49 /var/www/api/vendor/laravel/framework/src/Illuminate/Routing/Pipeline.php(53): Illuminate\\Pipeline\\Pipeline->Illuminate\\Pipeline\\{closure}(Object(Illuminate\\Http\\Request))
#50 /var/www/api/vendor/laravel/framework/src/Illuminate/Foundation/Http/Middleware/ValidatePostSize.php(27): Illuminate\\Routing\\Pipeline->Illuminate\\Routing\\{closure}(Object(Illuminate\\Http\\Request))
#51 /var/www/api/vendor/laravel/framework/src/Illuminate/Pipeline/Pipeline.php(151): Illuminate\\Foundation\\Http\\Middleware\\ValidatePostSize->handle(Object(Illuminate\\Http\\Request), Object(Closure))
#52 /var/www/api/vendor/laravel/framework/src/Illuminate/Routing/Pipeline.php(53): Illuminate\\Pipeline\\Pipeline->Illuminate\\Pipeline\\{closure}(Object(Illuminate\\Http\\Request))
#53 /var/www/api/vendor/laravel/framework/src/Illuminate/Foundation/Http/Middleware/CheckForMaintenanceMode.php(62): Illuminate\\Routing\\Pipeline->Illuminate\\Routing\\{closure}(Object(Illuminate\\Http\\Request))
#54 /var/www/api/vendor/laravel/framework/src/Illuminate/Pipeline/Pipeline.php(151): Illuminate\\Foundation\\Http\\Middleware\\CheckForMaintenanceMode->handle(Object(Illuminate\\Http\\Request), Object(Closure))
#55 /var/www/api/vendor/laravel/framework/src/Illuminate/Routing/Pipeline.php(53): Illuminate\\Pipeline\\Pipeline->Illuminate\\Pipeline\\{closure}(Object(Illuminate\\Http\\Request))
#56 /var/www/api/vendor/laravel/framework/src/Illuminate/Pipeline/Pipeline.php(104): Illuminate\\Routing\\Pipeline->Illuminate\\Routing\\{closure}(Object(Illuminate\\Http\\Request))
#57 /var/www/api/vendor/laravel/framework/src/Illuminate/Foundation/Http/Kernel.php(151): Illuminate\\Pipeline\\Pipeline->then(Object(Closure))
#58 /var/www/api/vendor/laravel/framework/src/Illuminate/Foundation/Http/Kernel.php(116): Illuminate\\Foundation\\Http\\Kernel->sendRequestThroughRouter(Object(Illuminate\\Http\\Request))
#59 /var/www/api/public/index.php(55): Illuminate\\Foundation\\Http\\Kernel->handle(Object(Illuminate\\Http\\Request))
#60 {main}
"} 
[2018-11-20 20:30:24] local.ERROR: Call to a member function toAtomString() on string {"exception":"[object] (Symfony\\Component\\Debug\\Exception\\FatalThrowableError(code: 0): Call to a member function toAtomString() on string at /var/www/api/app/JsonApi/Posts/Schema.php:36)
[stacktrace]
#0 /var/www/api/vendor/neomerx/json-api/src/Schema/ResourceObject.php(168): App\\JsonApi\\Posts\\Schema->getAttributes(Object(App\\Post))
#1 /var/www/api/vendor/neomerx/json-api/src/Document/Presenters/ElementPresenter.php(300): Neomerx\\JsonApi\\Schema\\ResourceObject->getAttributes()
#2 /var/www/api/vendor/neomerx/json-api/src/Document/Presenters/ElementPresenter.php(159): Neomerx\\JsonApi\\Document\\Presenters\\ElementPresenter->convertResourceToArray(Object(Neomerx\\JsonApi\\Schema\\ResourceObject), Array, NULL, true)
#3 /var/www/api/vendor/neomerx/json-api/src/Document/Document.php(172): Neomerx\\JsonApi\\Document\\Presenters\\ElementPresenter->convertDataResourceToArray(Object(Neomerx\\JsonApi\\Schema\\ResourceObject), true)
#4 /var/www/api/vendor/neomerx/json-api/src/Encoder/Handlers/ReplyInterpreter.php(152): Neomerx\\JsonApi\\Document\\Document->addToData(Object(Neomerx\\JsonApi\\Schema\\ResourceObject))
#5 /var/www/api/vendor/neomerx/json-api/src/Encoder/Handlers/ReplyInterpreter.php(70): Neomerx\\JsonApi\\Encoder\\Handlers\\ReplyInterpreter->addToData(Object(Neomerx\\JsonApi\\Encoder\\Parser\\ParserReply), Object(Neomerx\\JsonApi\\Encoder\\Stack\\StackFrame))
#6 /var/www/api/vendor/neomerx/json-api/src/Encoder/Encoder.php(227): Neomerx\\JsonApi\\Encoder\\Handlers\\ReplyInterpreter->handle(Object(Neomerx\\JsonApi\\Encoder\\Parser\\ParserReply))
#7 /var/www/api/vendor/neomerx/json-api/src/Encoder/Encoder.php(163): Neomerx\\JsonApi\\Encoder\\Encoder->encodeDataToArray(Object(CloudCreativity\\LaravelJsonApi\\Container), Object(Illuminate\\Database\\Eloquent\\Collection), Object(CloudCreativity\\LaravelJsonApi\\Encoder\\Parameters\\EncodingParameters))
#8 /var/www/api/vendor/neomerx/json-api/src/Http/Responses.php(94): Neomerx\\JsonApi\\Encoder\\Encoder->encodeData(Object(Illuminate\\Database\\Eloquent\\Collection), Object(CloudCreativity\\LaravelJsonApi\\Encoder\\Parameters\\EncodingParameters))
#9 /var/www/api/vendor/cloudcreativity/laravel-json-api/src/Http/Responses/Responses.php(187): Neomerx\\JsonApi\\Http\\Responses->getContentResponse(Object(Illuminate\\Database\\Eloquent\\Collection), 200, Array, NULL, Array)
#10 /var/www/api/vendor/cloudcreativity/laravel-json-api/src/Http/Responses/Responses.php(170): CloudCreativity\\LaravelJsonApi\\Http\\Responses\\Responses->getContentResponse(Object(Illuminate\\Database\\Eloquent\\Collection), 200, Array, NULL, Array)
#11 /var/www/api/vendor/cloudcreativity/laravel-json-api/src/Http/Controllers/JsonApiController.php(76): CloudCreativity\\LaravelJsonApi\\Http\\Responses\\Responses->content(Object(Illuminate\\Database\\Eloquent\\Collection))
#12 [internal function]: CloudCreativity\\LaravelJsonApi\\Http\\Controllers\\JsonApiController->index(Object(CloudCreativity\\LaravelJsonApi\\Store\\Store), Object(CloudCreativity\\LaravelJsonApi\\Http\\Requests\\FetchResources), 'posts')
#13 /var/www/api/vendor/laravel/framework/src/Illuminate/Routing/Controller.php(54): call_user_func_array(Array, Array)
#14 /var/www/api/vendor/laravel/framework/src/Illuminate/Routing/ControllerDispatcher.php(45): Illuminate\\Routing\\Controller->callAction('index', Array)
#15 /var/www/api/vendor/laravel/framework/src/Illuminate/Routing/Route.php(212): Illuminate\\Routing\\ControllerDispatcher->dispatch(Object(Illuminate\\Routing\\Route), Object(CloudCreativity\\LaravelJsonApi\\Http\\Controllers\\JsonApiController), 'index')
#16 /var/www/api/vendor/laravel/framework/src/Illuminate/Routing/Route.php(169): Illuminate\\Routing\\Route->runController()
#17 /var/www/api/vendor/laravel/framework/src/Illuminate/Routing/Router.php(679): Illuminate\\Routing\\Route->run()
#18 /var/www/api/vendor/laravel/framework/src/Illuminate/Routing/Pipeline.php(30): Illuminate\\Routing\\Router->Illuminate\\Routing\\{closure}(Object(Illuminate\\Http\\Request))
#19 /var/www/api/vendor/cloudcreativity/laravel-json-api/src/Http/Middleware/SubstituteBindings.php(70): Illuminate\\Routing\\Pipeline->Illuminate\\Routing\\{closure}(Object(Illuminate\\Http\\Request))
#20 /var/www/api/vendor/laravel/framework/src/Illuminate/Pipeline/Pipeline.php(151): CloudCreativity\\LaravelJsonApi\\Http\\Middleware\\SubstituteBindings->handle(Object(Illuminate\\Http\\Request), Object(Closure))
#21 /var/www/api/vendor/laravel/framework/src/Illuminate/Routing/Pipeline.php(53): Illuminate\\Pipeline\\Pipeline->Illuminate\\Pipeline\\{closure}(Object(Illuminate\\Http\\Request))
#22 /var/www/api/vendor/cloudcreativity/laravel-json-api/src/Http/Middleware/BootJsonApi.php(86): Illuminate\\Routing\\Pipeline->Illuminate\\Routing\\{closure}(Object(Illuminate\\Http\\Request))
#23 /var/www/api/vendor/laravel/framework/src/Illuminate/Pipeline/Pipeline.php(151): CloudCreativity\\LaravelJsonApi\\Http\\Middleware\\BootJsonApi->handle(Object(Illuminate\\Http\\Request), Object(Closure), 'default')
#24 /var/www/api/vendor/laravel/framework/src/Illuminate/Routing/Pipeline.php(53): Illuminate\\Pipeline\\Pipeline->Illuminate\\Pipeline\\{closure}(Object(Illuminate\\Http\\Request))
#25 /var/www/api/vendor/laravel/framework/src/Illuminate/Routing/Middleware/SubstituteBindings.php(41): Illuminate\\Routing\\Pipeline->Illuminate\\Routing\\{closure}(Object(Illuminate\\Http\\Request))
#26 /var/www/api/vendor/laravel/framework/src/Illuminate/Pipeline/Pipeline.php(151): Illuminate\\Routing\\Middleware\\SubstituteBindings->handle(Object(Illuminate\\Http\\Request), Object(Closure))
#27 /var/www/api/vendor/laravel/framework/src/Illuminate/Routing/Pipeline.php(53): Illuminate\\Pipeline\\Pipeline->Illuminate\\Pipeline\\{closure}(Object(Illuminate\\Http\\Request))
#28 /var/www/api/vendor/laravel/framework/src/Illuminate/Routing/Middleware/ThrottleRequests.php(58): Illuminate\\Routing\\Pipeline->Illuminate\\Routing\\{closure}(Object(Illuminate\\Http\\Request))
#29 /var/www/api/vendor/laravel/framework/src/Illuminate/Pipeline/Pipeline.php(151): Illuminate\\Routing\\Middleware\\ThrottleRequests->handle(Object(Illuminate\\Http\\Request), Object(Closure), 60, '1')
#30 /var/www/api/vendor/laravel/framework/src/Illuminate/Routing/Pipeline.php(53): Illuminate\\Pipeline\\Pipeline->Illuminate\\Pipeline\\{closure}(Object(Illuminate\\Http\\Request))
#31 /var/www/api/vendor/laravel/framework/src/Illuminate/Pipeline/Pipeline.php(104): Illuminate\\Routing\\Pipeline->Illuminate\\Routing\\{closure}(Object(Illuminate\\Http\\Request))
#32 /var/www/api/vendor/laravel/framework/src/Illuminate/Routing/Router.php(681): Illuminate\\Pipeline\\Pipeline->then(Object(Closure))
#33 /var/www/api/vendor/laravel/framework/src/Illuminate/Routing/Router.php(656): Illuminate\\Routing\\Router->runRouteWithinStack(Object(Illuminate\\Routing\\Route), Object(Illuminate\\Http\\Request))
#34 /var/www/api/vendor/laravel/framework/src/Illuminate/Routing/Router.php(622): Illuminate\\Routing\\Router->runRoute(Object(Illuminate\\Http\\Request), Object(Illuminate\\Routing\\Route))
#35 /var/www/api/vendor/laravel/framework/src/Illuminate/Routing/Router.php(611): Illuminate\\Routing\\Router->dispatchToRoute(Object(Illuminate\\Http\\Request))
#36 /var/www/api/vendor/laravel/framework/src/Illuminate/Foundation/Http/Kernel.php(176): Illuminate\\Routing\\Router->dispatch(Object(Illuminate\\Http\\Request))
#37 /var/www/api/vendor/laravel/framework/src/Illuminate/Routing/Pipeline.php(30): Illuminate\\Foundation\\Http\\Kernel->Illuminate\\Foundation\\Http\\{closure}(Object(Illuminate\\Http\\Request))
#38 /var/www/api/vendor/barryvdh/laravel-cors/src/HandleCors.php(58): Illuminate\\Routing\\Pipeline->Illuminate\\Routing\\{closure}(Object(Illuminate\\Http\\Request))
#39 /var/www/api/vendor/laravel/framework/src/Illuminate/Pipeline/Pipeline.php(151): Barryvdh\\Cors\\HandleCors->handle(Object(Illuminate\\Http\\Request), Object(Closure))
#40 /var/www/api/vendor/laravel/framework/src/Illuminate/Routing/Pipeline.php(53): Illuminate\\Pipeline\\Pipeline->Illuminate\\Pipeline\\{closure}(Object(Illuminate\\Http\\Request))
#41 /var/www/api/vendor/fideloper/proxy/src/TrustProxies.php(57): Illuminate\\Routing\\Pipeline->Illuminate\\Routing\\{closure}(Object(Illuminate\\Http\\Request))
#42 /var/www/api/vendor/laravel/framework/src/Illuminate/Pipeline/Pipeline.php(151): Fideloper\\Proxy\\TrustProxies->handle(Object(Illuminate\\Http\\Request), Object(Closure))
#43 /var/www/api/vendor/laravel/framework/src/Illuminate/Routing/Pipeline.php(53): Illuminate\\Pipeline\\Pipeline->Illuminate\\Pipeline\\{closure}(Object(Illuminate\\Http\\Request))
#44 /var/www/api/vendor/laravel/framework/src/Illuminate/Foundation/Http/Middleware/TransformsRequest.php(31): Illuminate\\Routing\\Pipeline->Illuminate\\Routing\\{closure}(Object(Illuminate\\Http\\Request))
#45 /var/www/api/vendor/laravel/framework/src/Illuminate/Pipeline/Pipeline.php(151): Illuminate\\Foundation\\Http\\Middleware\\TransformsRequest->handle(Object(Illuminate\\Http\\Request), Object(Closure))
#46 /var/www/api/vendor/laravel/framework/src/Illuminate/Routing/Pipeline.php(53): Illuminate\\Pipeline\\Pipeline->Illuminate\\Pipeline\\{closure}(Object(Illuminate\\Http\\Request))
#47 /var/www/api/vendor/laravel/framework/src/Illuminate/Foundation/Http/Middleware/TransformsRequest.php(31): Illuminate\\Routing\\Pipeline->Illuminate\\Routing\\{closure}(Object(Illuminate\\Http\\Request))
#48 /var/www/api/vendor/laravel/framework/src/Illuminate/Pipeline/Pipeline.php(151): Illuminate\\Foundation\\Http\\Middleware\\TransformsRequest->handle(Object(Illuminate\\Http\\Request), Object(Closure))
#49 /var/www/api/vendor/laravel/framework/src/Illuminate/Routing/Pipeline.php(53): Illuminate\\Pipeline\\Pipeline->Illuminate\\Pipeline\\{closure}(Object(Illuminate\\Http\\Request))
#50 /var/www/api/vendor/laravel/framework/src/Illuminate/Foundation/Http/Middleware/ValidatePostSize.php(27): Illuminate\\Routing\\Pipeline->Illuminate\\Routing\\{closure}(Object(Illuminate\\Http\\Request))
#51 /var/www/api/vendor/laravel/framework/src/Illuminate/Pipeline/Pipeline.php(151): Illuminate\\Foundation\\Http\\Middleware\\ValidatePostSize->handle(Object(Illuminate\\Http\\Request), Object(Closure))
#52 /var/www/api/vendor/laravel/framework/src/Illuminate/Routing/Pipeline.php(53): Illuminate\\Pipeline\\Pipeline->Illuminate\\Pipeline\\{closure}(Object(Illuminate\\Http\\Request))
#53 /var/www/api/vendor/laravel/framework/src/Illuminate/Foundation/Http/Middleware/CheckForMaintenanceMode.php(62): Illuminate\\Routing\\Pipeline->Illuminate\\Routing\\{closure}(Object(Illuminate\\Http\\Request))
#54 /var/www/api/vendor/laravel/framework/src/Illuminate/Pipeline/Pipeline.php(151): Illuminate\\Foundation\\Http\\Middleware\\CheckForMaintenanceMode->handle(Object(Illuminate\\Http\\Request), Object(Closure))
#55 /var/www/api/vendor/laravel/framework/src/Illuminate/Routing/Pipeline.php(53): Illuminate\\Pipeline\\Pipeline->Illuminate\\Pipeline\\{closure}(Object(Illuminate\\Http\\Request))
#56 /var/www/api/vendor/laravel/framework/src/Illuminate/Pipeline/Pipeline.php(104): Illuminate\\Routing\\Pipeline->Illuminate\\Routing\\{closure}(Object(Illuminate\\Http\\Request))
#57 /var/www/api/vendor/laravel/framework/src/Illuminate/Foundation/Http/Kernel.php(151): Illuminate\\Pipeline\\Pipeline->then(Object(Closure))
#58 /var/www/api/vendor/laravel/framework/src/Illuminate/Foundation/Http/Kernel.php(116): Illuminate\\Foundation\\Http\\Kernel->sendRequestThroughRouter(Object(Illuminate\\Http\\Request))
#59 /var/www/api/public/index.php(55): Illuminate\\Foundation\\Http\\Kernel->handle(Object(Illuminate\\Http\\Request))
#60 {main}
"} 
[2018-11-20 20:30:24] local.ERROR: Call to a member function toAtomString() on string {"exception":"[object] (Symfony\\Component\\Debug\\Exception\\FatalThrowableError(code: 0): Call to a member function toAtomString() on string at /var/www/api/app/JsonApi/Posts/Schema.php:36)
[stacktrace]
#0 /var/www/api/vendor/neomerx/json-api/src/Schema/ResourceObject.php(168): App\\JsonApi\\Posts\\Schema->getAttributes(Object(App\\Post))
#1 /var/www/api/vendor/neomerx/json-api/src/Document/Presenters/ElementPresenter.php(300): Neomerx\\JsonApi\\Schema\\ResourceObject->getAttributes()
#2 /var/www/api/vendor/neomerx/json-api/src/Document/Presenters/ElementPresenter.php(159): Neomerx\\JsonApi\\Document\\Presenters\\ElementPresenter->convertResourceToArray(Object(Neomerx\\JsonApi\\Schema\\ResourceObject), Array, NULL, true)
#3 /var/www/api/vendor/neomerx/json-api/src/Document/Document.php(172): Neomerx\\JsonApi\\Document\\Presenters\\ElementPresenter->convertDataResourceToArray(Object(Neomerx\\JsonApi\\Schema\\ResourceObject), true)
#4 /var/www/api/vendor/neomerx/json-api/src/Encoder/Handlers/ReplyInterpreter.php(152): Neomerx\\JsonApi\\Document\\Document->addToData(Object(Neomerx\\JsonApi\\Schema\\ResourceObject))
#5 /var/www/api/vendor/neomerx/json-api/src/Encoder/Handlers/ReplyInterpreter.php(70): Neomerx\\JsonApi\\Encoder\\Handlers\\ReplyInterpreter->addToData(Object(Neomerx\\JsonApi\\Encoder\\Parser\\ParserReply), Object(Neomerx\\JsonApi\\Encoder\\Stack\\StackFrame))
#6 /var/www/api/vendor/neomerx/json-api/src/Encoder/Encoder.php(227): Neomerx\\JsonApi\\Encoder\\Handlers\\ReplyInterpreter->handle(Object(Neomerx\\JsonApi\\Encoder\\Parser\\ParserReply))
#7 /var/www/api/vendor/neomerx/json-api/src/Encoder/Encoder.php(163): Neomerx\\JsonApi\\Encoder\\Encoder->encodeDataToArray(Object(CloudCreativity\\LaravelJsonApi\\Container), Object(Illuminate\\Database\\Eloquent\\Collection), Object(CloudCreativity\\LaravelJsonApi\\Encoder\\Parameters\\EncodingParameters))
#8 /var/www/api/vendor/neomerx/json-api/src/Http/Responses.php(94): Neomerx\\JsonApi\\Encoder\\Encoder->encodeData(Object(Illuminate\\Database\\Eloquent\\Collection), Object(CloudCreativity\\LaravelJsonApi\\Encoder\\Parameters\\EncodingParameters))
#9 /var/www/api/vendor/cloudcreativity/laravel-json-api/src/Http/Responses/Responses.php(187): Neomerx\\JsonApi\\Http\\Responses->getContentResponse(Object(Illuminate\\Database\\Eloquent\\Collection), 200, Array, NULL, Array)
#10 /var/www/api/vendor/cloudcreativity/laravel-json-api/src/Http/Responses/Responses.php(170): CloudCreativity\\LaravelJsonApi\\Http\\Responses\\Responses->getContentResponse(Object(Illuminate\\Database\\Eloquent\\Collection), 200, Array, NULL, Array)
#11 /var/www/api/vendor/cloudcreativity/laravel-json-api/src/Http/Controllers/JsonApiController.php(76): CloudCreativity\\LaravelJsonApi\\Http\\Responses\\Responses->content(Object(Illuminate\\Database\\Eloquent\\Collection))
#12 [internal function]: CloudCreativity\\LaravelJsonApi\\Http\\Controllers\\JsonApiController->index(Object(CloudCreativity\\LaravelJsonApi\\Store\\Store), Object(CloudCreativity\\LaravelJsonApi\\Http\\Requests\\FetchResources), 'posts')
#13 /var/www/api/vendor/laravel/framework/src/Illuminate/Routing/Controller.php(54): call_user_func_array(Array, Array)
#14 /var/www/api/vendor/laravel/framework/src/Illuminate/Routing/ControllerDispatcher.php(45): Illuminate\\Routing\\Controller->callAction('index', Array)
#15 /var/www/api/vendor/laravel/framework/src/Illuminate/Routing/Route.php(212): Illuminate\\Routing\\ControllerDispatcher->dispatch(Object(Illuminate\\Routing\\Route), Object(CloudCreativity\\LaravelJsonApi\\Http\\Controllers\\JsonApiController), 'index')
#16 /var/www/api/vendor/laravel/framework/src/Illuminate/Routing/Route.php(169): Illuminate\\Routing\\Route->runController()
#17 /var/www/api/vendor/laravel/framework/src/Illuminate/Routing/Router.php(679): Illuminate\\Routing\\Route->run()
#18 /var/www/api/vendor/laravel/framework/src/Illuminate/Routing/Pipeline.php(30): Illuminate\\Routing\\Router->Illuminate\\Routing\\{closure}(Object(Illuminate\\Http\\Request))
#19 /var/www/api/vendor/cloudcreativity/laravel-json-api/src/Http/Middleware/SubstituteBindings.php(70): Illuminate\\Routing\\Pipeline->Illuminate\\Routing\\{closure}(Object(Illuminate\\Http\\Request))
#20 /var/www/api/vendor/laravel/framework/src/Illuminate/Pipeline/Pipeline.php(151): CloudCreativity\\LaravelJsonApi\\Http\\Middleware\\SubstituteBindings->handle(Object(Illuminate\\Http\\Request), Object(Closure))
#21 /var/www/api/vendor/laravel/framework/src/Illuminate/Routing/Pipeline.php(53): Illuminate\\Pipeline\\Pipeline->Illuminate\\Pipeline\\{closure}(Object(Illuminate\\Http\\Request))
#22 /var/www/api/vendor/cloudcreativity/laravel-json-api/src/Http/Middleware/BootJsonApi.php(86): Illuminate\\Routing\\Pipeline->Illuminate\\Routing\\{closure}(Object(Illuminate\\Http\\Request))
#23 /var/www/api/vendor/laravel/framework/src/Illuminate/Pipeline/Pipeline.php(151): CloudCreativity\\LaravelJsonApi\\Http\\Middleware\\BootJsonApi->handle(Object(Illuminate\\Http\\Request), Object(Closure), 'default')
#24 /var/www/api/vendor/laravel/framework/src/Illuminate/Routing/Pipeline.php(53): Illuminate\\Pipeline\\Pipeline->Illuminate\\Pipeline\\{closure}(Object(Illuminate\\Http\\Request))
#25 /var/www/api/vendor/laravel/framework/src/Illuminate/Routing/Middleware/SubstituteBindings.php(41): Illuminate\\Routing\\Pipeline->Illuminate\\Routing\\{closure}(Object(Illuminate\\Http\\Request))
#26 /var/www/api/vendor/laravel/framework/src/Illuminate/Pipeline/Pipeline.php(151): Illuminate\\Routing\\Middleware\\SubstituteBindings->handle(Object(Illuminate\\Http\\Request), Object(Closure))
#27 /var/www/api/vendor/laravel/framework/src/Illuminate/Routing/Pipeline.php(53): Illuminate\\Pipeline\\Pipeline->Illuminate\\Pipeline\\{closure}(Object(Illuminate\\Http\\Request))
#28 /var/www/api/vendor/laravel/framework/src/Illuminate/Routing/Middleware/ThrottleRequests.php(58): Illuminate\\Routing\\Pipeline->Illuminate\\Routing\\{closure}(Object(Illuminate\\Http\\Request))
#29 /var/www/api/vendor/laravel/framework/src/Illuminate/Pipeline/Pipeline.php(151): Illuminate\\Routing\\Middleware\\ThrottleRequests->handle(Object(Illuminate\\Http\\Request), Object(Closure), 60, '1')
#30 /var/www/api/vendor/laravel/framework/src/Illuminate/Routing/Pipeline.php(53): Illuminate\\Pipeline\\Pipeline->Illuminate\\Pipeline\\{closure}(Object(Illuminate\\Http\\Request))
#31 /var/www/api/vendor/laravel/framework/src/Illuminate/Pipeline/Pipeline.php(104): Illuminate\\Routing\\Pipeline->Illuminate\\Routing\\{closure}(Object(Illuminate\\Http\\Request))
#32 /var/www/api/vendor/laravel/framework/src/Illuminate/Routing/Router.php(681): Illuminate\\Pipeline\\Pipeline->then(Object(Closure))
#33 /var/www/api/vendor/laravel/framework/src/Illuminate/Routing/Router.php(656): Illuminate\\Routing\\Router->runRouteWithinStack(Object(Illuminate\\Routing\\Route), Object(Illuminate\\Http\\Request))
#34 /var/www/api/vendor/laravel/framework/src/Illuminate/Routing/Router.php(622): Illuminate\\Routing\\Router->runRoute(Object(Illuminate\\Http\\Request), Object(Illuminate\\Routing\\Route))
#35 /var/www/api/vendor/laravel/framework/src/Illuminate/Routing/Router.php(611): Illuminate\\Routing\\Router->dispatchToRoute(Object(Illuminate\\Http\\Request))
#36 /var/www/api/vendor/laravel/framework/src/Illuminate/Foundation/Http/Kernel.php(176): Illuminate\\Routing\\Router->dispatch(Object(Illuminate\\Http\\Request))
#37 /var/www/api/vendor/laravel/framework/src/Illuminate/Routing/Pipeline.php(30): Illuminate\\Foundation\\Http\\Kernel->Illuminate\\Foundation\\Http\\{closure}(Object(Illuminate\\Http\\Request))
#38 /var/www/api/vendor/barryvdh/laravel-cors/src/HandleCors.php(58): Illuminate\\Routing\\Pipeline->Illuminate\\Routing\\{closure}(Object(Illuminate\\Http\\Request))
#39 /var/www/api/vendor/laravel/framework/src/Illuminate/Pipeline/Pipeline.php(151): Barryvdh\\Cors\\HandleCors->handle(Object(Illuminate\\Http\\Request), Object(Closure))
#40 /var/www/api/vendor/laravel/framework/src/Illuminate/Routing/Pipeline.php(53): Illuminate\\Pipeline\\Pipeline->Illuminate\\Pipeline\\{closure}(Object(Illuminate\\Http\\Request))
#41 /var/www/api/vendor/fideloper/proxy/src/TrustProxies.php(57): Illuminate\\Routing\\Pipeline->Illuminate\\Routing\\{closure}(Object(Illuminate\\Http\\Request))
#42 /var/www/api/vendor/laravel/framework/src/Illuminate/Pipeline/Pipeline.php(151): Fideloper\\Proxy\\TrustProxies->handle(Object(Illuminate\\Http\\Request), Object(Closure))
#43 /var/www/api/vendor/laravel/framework/src/Illuminate/Routing/Pipeline.php(53): Illuminate\\Pipeline\\Pipeline->Illuminate\\Pipeline\\{closure}(Object(Illuminate\\Http\\Request))
#44 /var/www/api/vendor/laravel/framework/src/Illuminate/Foundation/Http/Middleware/TransformsRequest.php(31): Illuminate\\Routing\\Pipeline->Illuminate\\Routing\\{closure}(Object(Illuminate\\Http\\Request))
#45 /var/www/api/vendor/laravel/framework/src/Illuminate/Pipeline/Pipeline.php(151): Illuminate\\Foundation\\Http\\Middleware\\TransformsRequest->handle(Object(Illuminate\\Http\\Request), Object(Closure))
#46 /var/www/api/vendor/laravel/framework/src/Illuminate/Routing/Pipeline.php(53): Illuminate\\Pipeline\\Pipeline->Illuminate\\Pipeline\\{closure}(Object(Illuminate\\Http\\Request))
#47 /var/www/api/vendor/laravel/framework/src/Illuminate/Foundation/Http/Middleware/TransformsRequest.php(31): Illuminate\\Routing\\Pipeline->Illuminate\\Routing\\{closure}(Object(Illuminate\\Http\\Request))
#48 /var/www/api/vendor/laravel/framework/src/Illuminate/Pipeline/Pipeline.php(151): Illuminate\\Foundation\\Http\\Middleware\\TransformsRequest->handle(Object(Illuminate\\Http\\Request), Object(Closure))
#49 /var/www/api/vendor/laravel/framework/src/Illuminate/Routing/Pipeline.php(53): Illuminate\\Pipeline\\Pipeline->Illuminate\\Pipeline\\{closure}(Object(Illuminate\\Http\\Request))
#50 /var/www/api/vendor/laravel/framework/src/Illuminate/Foundation/Http/Middleware/ValidatePostSize.php(27): Illuminate\\Routing\\Pipeline->Illuminate\\Routing\\{closure}(Object(Illuminate\\Http\\Request))
#51 /var/www/api/vendor/laravel/framework/src/Illuminate/Pipeline/Pipeline.php(151): Illuminate\\Foundation\\Http\\Middleware\\ValidatePostSize->handle(Object(Illuminate\\Http\\Request), Object(Closure))
#52 /var/www/api/vendor/laravel/framework/src/Illuminate/Routing/Pipeline.php(53): Illuminate\\Pipeline\\Pipeline->Illuminate\\Pipeline\\{closure}(Object(Illuminate\\Http\\Request))
#53 /var/www/api/vendor/laravel/framework/src/Illuminate/Foundation/Http/Middleware/CheckForMaintenanceMode.php(62): Illuminate\\Routing\\Pipeline->Illuminate\\Routing\\{closure}(Object(Illuminate\\Http\\Request))
#54 /var/www/api/vendor/laravel/framework/src/Illuminate/Pipeline/Pipeline.php(151): Illuminate\\Foundation\\Http\\Middleware\\CheckForMaintenanceMode->handle(Object(Illuminate\\Http\\Request), Object(Closure))
#55 /var/www/api/vendor/laravel/framework/src/Illuminate/Routing/Pipeline.php(53): Illuminate\\Pipeline\\Pipeline->Illuminate\\Pipeline\\{closure}(Object(Illuminate\\Http\\Request))
#56 /var/www/api/vendor/laravel/framework/src/Illuminate/Pipeline/Pipeline.php(104): Illuminate\\Routing\\Pipeline->Illuminate\\Routing\\{closure}(Object(Illuminate\\Http\\Request))
#57 /var/www/api/vendor/laravel/framework/src/Illuminate/Foundation/Http/Kernel.php(151): Illuminate\\Pipeline\\Pipeline->then(Object(Closure))
#58 /var/www/api/vendor/laravel/framework/src/Illuminate/Foundation/Http/Kernel.php(116): Illuminate\\Foundation\\Http\\Kernel->sendRequestThroughRouter(Object(Illuminate\\Http\\Request))
#59 /var/www/api/public/index.php(55): Illuminate\\Foundation\\Http\\Kernel->handle(Object(Illuminate\\Http\\Request))
#60 {main}
"} 
[2018-11-20 20:31:32] local.ERROR: Call to a member function toAtomString() on string {"exception":"[object] (Symfony\\Component\\Debug\\Exception\\FatalThrowableError(code: 0): Call to a member function toAtomString() on string at /var/www/api/app/JsonApi/Posts/Schema.php:36)
[stacktrace]
#0 /var/www/api/vendor/neomerx/json-api/src/Schema/ResourceObject.php(168): App\\JsonApi\\Posts\\Schema->getAttributes(Object(App\\Post))
#1 /var/www/api/vendor/neomerx/json-api/src/Document/Presenters/ElementPresenter.php(300): Neomerx\\JsonApi\\Schema\\ResourceObject->getAttributes()
#2 /var/www/api/vendor/neomerx/json-api/src/Document/Presenters/ElementPresenter.php(159): Neomerx\\JsonApi\\Document\\Presenters\\ElementPresenter->convertResourceToArray(Object(Neomerx\\JsonApi\\Schema\\ResourceObject), Array, NULL, true)
#3 /var/www/api/vendor/neomerx/json-api/src/Document/Document.php(172): Neomerx\\JsonApi\\Document\\Presenters\\ElementPresenter->convertDataResourceToArray(Object(Neomerx\\JsonApi\\Schema\\ResourceObject), true)
#4 /var/www/api/vendor/neomerx/json-api/src/Encoder/Handlers/ReplyInterpreter.php(152): Neomerx\\JsonApi\\Document\\Document->addToData(Object(Neomerx\\JsonApi\\Schema\\ResourceObject))
#5 /var/www/api/vendor/neomerx/json-api/src/Encoder/Handlers/ReplyInterpreter.php(70): Neomerx\\JsonApi\\Encoder\\Handlers\\ReplyInterpreter->addToData(Object(Neomerx\\JsonApi\\Encoder\\Parser\\ParserReply), Object(Neomerx\\JsonApi\\Encoder\\Stack\\StackFrame))
#6 /var/www/api/vendor/neomerx/json-api/src/Encoder/Encoder.php(227): Neomerx\\JsonApi\\Encoder\\Handlers\\ReplyInterpreter->handle(Object(Neomerx\\JsonApi\\Encoder\\Parser\\ParserReply))
#7 /var/www/api/vendor/neomerx/json-api/src/Encoder/Encoder.php(163): Neomerx\\JsonApi\\Encoder\\Encoder->encodeDataToArray(Object(CloudCreativity\\LaravelJsonApi\\Container), Object(Illuminate\\Database\\Eloquent\\Collection), Object(CloudCreativity\\LaravelJsonApi\\Encoder\\Parameters\\EncodingParameters))
#8 /var/www/api/vendor/neomerx/json-api/src/Http/Responses.php(94): Neomerx\\JsonApi\\Encoder\\Encoder->encodeData(Object(Illuminate\\Database\\Eloquent\\Collection), Object(CloudCreativity\\LaravelJsonApi\\Encoder\\Parameters\\EncodingParameters))
#9 /var/www/api/vendor/cloudcreativity/laravel-json-api/src/Http/Responses/Responses.php(187): Neomerx\\JsonApi\\Http\\Responses->getContentResponse(Object(Illuminate\\Database\\Eloquent\\Collection), 200, Array, NULL, Array)
#10 /var/www/api/vendor/cloudcreativity/laravel-json-api/src/Http/Responses/Responses.php(170): CloudCreativity\\LaravelJsonApi\\Http\\Responses\\Responses->getContentResponse(Object(Illuminate\\Database\\Eloquent\\Collection), 200, Array, NULL, Array)
#11 /var/www/api/vendor/cloudcreativity/laravel-json-api/src/Http/Controllers/JsonApiController.php(76): CloudCreativity\\LaravelJsonApi\\Http\\Responses\\Responses->content(Object(Illuminate\\Database\\Eloquent\\Collection))
#12 [internal function]: CloudCreativity\\LaravelJsonApi\\Http\\Controllers\\JsonApiController->index(Object(CloudCreativity\\LaravelJsonApi\\Store\\Store), Object(CloudCreativity\\LaravelJsonApi\\Http\\Requests\\FetchResources), 'posts')
#13 /var/www/api/vendor/laravel/framework/src/Illuminate/Routing/Controller.php(54): call_user_func_array(Array, Array)
#14 /var/www/api/vendor/laravel/framework/src/Illuminate/Routing/ControllerDispatcher.php(45): Illuminate\\Routing\\Controller->callAction('index', Array)
#15 /var/www/api/vendor/laravel/framework/src/Illuminate/Routing/Route.php(212): Illuminate\\Routing\\ControllerDispatcher->dispatch(Object(Illuminate\\Routing\\Route), Object(CloudCreativity\\LaravelJsonApi\\Http\\Controllers\\JsonApiController), 'index')
#16 /var/www/api/vendor/laravel/framework/src/Illuminate/Routing/Route.php(169): Illuminate\\Routing\\Route->runController()
#17 /var/www/api/vendor/laravel/framework/src/Illuminate/Routing/Router.php(679): Illuminate\\Routing\\Route->run()
#18 /var/www/api/vendor/laravel/framework/src/Illuminate/Routing/Pipeline.php(30): Illuminate\\Routing\\Router->Illuminate\\Routing\\{closure}(Object(Illuminate\\Http\\Request))
#19 /var/www/api/vendor/cloudcreativity/laravel-json-api/src/Http/Middleware/SubstituteBindings.php(70): Illuminate\\Routing\\Pipeline->Illuminate\\Routing\\{closure}(Object(Illuminate\\Http\\Request))
#20 /var/www/api/vendor/laravel/framework/src/Illuminate/Pipeline/Pipeline.php(151): CloudCreativity\\LaravelJsonApi\\Http\\Middleware\\SubstituteBindings->handle(Object(Illuminate\\Http\\Request), Object(Closure))
#21 /var/www/api/vendor/laravel/framework/src/Illuminate/Routing/Pipeline.php(53): Illuminate\\Pipeline\\Pipeline->Illuminate\\Pipeline\\{closure}(Object(Illuminate\\Http\\Request))
#22 /var/www/api/vendor/cloudcreativity/laravel-json-api/src/Http/Middleware/BootJsonApi.php(86): Illuminate\\Routing\\Pipeline->Illuminate\\Routing\\{closure}(Object(Illuminate\\Http\\Request))
#23 /var/www/api/vendor/laravel/framework/src/Illuminate/Pipeline/Pipeline.php(151): CloudCreativity\\LaravelJsonApi\\Http\\Middleware\\BootJsonApi->handle(Object(Illuminate\\Http\\Request), Object(Closure), 'default')
#24 /var/www/api/vendor/laravel/framework/src/Illuminate/Routing/Pipeline.php(53): Illuminate\\Pipeline\\Pipeline->Illuminate\\Pipeline\\{closure}(Object(Illuminate\\Http\\Request))
#25 /var/www/api/vendor/laravel/framework/src/Illuminate/Routing/Middleware/SubstituteBindings.php(41): Illuminate\\Routing\\Pipeline->Illuminate\\Routing\\{closure}(Object(Illuminate\\Http\\Request))
#26 /var/www/api/vendor/laravel/framework/src/Illuminate/Pipeline/Pipeline.php(151): Illuminate\\Routing\\Middleware\\SubstituteBindings->handle(Object(Illuminate\\Http\\Request), Object(Closure))
#27 /var/www/api/vendor/laravel/framework/src/Illuminate/Routing/Pipeline.php(53): Illuminate\\Pipeline\\Pipeline->Illuminate\\Pipeline\\{closure}(Object(Illuminate\\Http\\Request))
#28 /var/www/api/vendor/laravel/framework/src/Illuminate/Routing/Middleware/ThrottleRequests.php(58): Illuminate\\Routing\\Pipeline->Illuminate\\Routing\\{closure}(Object(Illuminate\\Http\\Request))
#29 /var/www/api/vendor/laravel/framework/src/Illuminate/Pipeline/Pipeline.php(151): Illuminate\\Routing\\Middleware\\ThrottleRequests->handle(Object(Illuminate\\Http\\Request), Object(Closure), 60, '1')
#30 /var/www/api/vendor/laravel/framework/src/Illuminate/Routing/Pipeline.php(53): Illuminate\\Pipeline\\Pipeline->Illuminate\\Pipeline\\{closure}(Object(Illuminate\\Http\\Request))
#31 /var/www/api/vendor/laravel/framework/src/Illuminate/Pipeline/Pipeline.php(104): Illuminate\\Routing\\Pipeline->Illuminate\\Routing\\{closure}(Object(Illuminate\\Http\\Request))
#32 /var/www/api/vendor/laravel/framework/src/Illuminate/Routing/Router.php(681): Illuminate\\Pipeline\\Pipeline->then(Object(Closure))
#33 /var/www/api/vendor/laravel/framework/src/Illuminate/Routing/Router.php(656): Illuminate\\Routing\\Router->runRouteWithinStack(Object(Illuminate\\Routing\\Route), Object(Illuminate\\Http\\Request))
#34 /var/www/api/vendor/laravel/framework/src/Illuminate/Routing/Router.php(622): Illuminate\\Routing\\Router->runRoute(Object(Illuminate\\Http\\Request), Object(Illuminate\\Routing\\Route))
#35 /var/www/api/vendor/laravel/framework/src/Illuminate/Routing/Router.php(611): Illuminate\\Routing\\Router->dispatchToRoute(Object(Illuminate\\Http\\Request))
#36 /var/www/api/vendor/laravel/framework/src/Illuminate/Foundation/Http/Kernel.php(176): Illuminate\\Routing\\Router->dispatch(Object(Illuminate\\Http\\Request))
#37 /var/www/api/vendor/laravel/framework/src/Illuminate/Routing/Pipeline.php(30): Illuminate\\Foundation\\Http\\Kernel->Illuminate\\Foundation\\Http\\{closure}(Object(Illuminate\\Http\\Request))
#38 /var/www/api/vendor/barryvdh/laravel-cors/src/HandleCors.php(58): Illuminate\\Routing\\Pipeline->Illuminate\\Routing\\{closure}(Object(Illuminate\\Http\\Request))
#39 /var/www/api/vendor/laravel/framework/src/Illuminate/Pipeline/Pipeline.php(151): Barryvdh\\Cors\\HandleCors->handle(Object(Illuminate\\Http\\Request), Object(Closure))
#40 /var/www/api/vendor/laravel/framework/src/Illuminate/Routing/Pipeline.php(53): Illuminate\\Pipeline\\Pipeline->Illuminate\\Pipeline\\{closure}(Object(Illuminate\\Http\\Request))
#41 /var/www/api/vendor/fideloper/proxy/src/TrustProxies.php(57): Illuminate\\Routing\\Pipeline->Illuminate\\Routing\\{closure}(Object(Illuminate\\Http\\Request))
#42 /var/www/api/vendor/laravel/framework/src/Illuminate/Pipeline/Pipeline.php(151): Fideloper\\Proxy\\TrustProxies->handle(Object(Illuminate\\Http\\Request), Object(Closure))
#43 /var/www/api/vendor/laravel/framework/src/Illuminate/Routing/Pipeline.php(53): Illuminate\\Pipeline\\Pipeline->Illuminate\\Pipeline\\{closure}(Object(Illuminate\\Http\\Request))
#44 /var/www/api/vendor/laravel/framework/src/Illuminate/Foundation/Http/Middleware/TransformsRequest.php(31): Illuminate\\Routing\\Pipeline->Illuminate\\Routing\\{closure}(Object(Illuminate\\Http\\Request))
#45 /var/www/api/vendor/laravel/framework/src/Illuminate/Pipeline/Pipeline.php(151): Illuminate\\Foundation\\Http\\Middleware\\TransformsRequest->handle(Object(Illuminate\\Http\\Request), Object(Closure))
#46 /var/www/api/vendor/laravel/framework/src/Illuminate/Routing/Pipeline.php(53): Illuminate\\Pipeline\\Pipeline->Illuminate\\Pipeline\\{closure}(Object(Illuminate\\Http\\Request))
#47 /var/www/api/vendor/laravel/framework/src/Illuminate/Foundation/Http/Middleware/TransformsRequest.php(31): Illuminate\\Routing\\Pipeline->Illuminate\\Routing\\{closure}(Object(Illuminate\\Http\\Request))
#48 /var/www/api/vendor/laravel/framework/src/Illuminate/Pipeline/Pipeline.php(151): Illuminate\\Foundation\\Http\\Middleware\\TransformsRequest->handle(Object(Illuminate\\Http\\Request), Object(Closure))
#49 /var/www/api/vendor/laravel/framework/src/Illuminate/Routing/Pipeline.php(53): Illuminate\\Pipeline\\Pipeline->Illuminate\\Pipeline\\{closure}(Object(Illuminate\\Http\\Request))
#50 /var/www/api/vendor/laravel/framework/src/Illuminate/Foundation/Http/Middleware/ValidatePostSize.php(27): Illuminate\\Routing\\Pipeline->Illuminate\\Routing\\{closure}(Object(Illuminate\\Http\\Request))
#51 /var/www/api/vendor/laravel/framework/src/Illuminate/Pipeline/Pipeline.php(151): Illuminate\\Foundation\\Http\\Middleware\\ValidatePostSize->handle(Object(Illuminate\\Http\\Request), Object(Closure))
#52 /var/www/api/vendor/laravel/framework/src/Illuminate/Routing/Pipeline.php(53): Illuminate\\Pipeline\\Pipeline->Illuminate\\Pipeline\\{closure}(Object(Illuminate\\Http\\Request))
#53 /var/www/api/vendor/laravel/framework/src/Illuminate/Foundation/Http/Middleware/CheckForMaintenanceMode.php(62): Illuminate\\Routing\\Pipeline->Illuminate\\Routing\\{closure}(Object(Illuminate\\Http\\Request))
#54 /var/www/api/vendor/laravel/framework/src/Illuminate/Pipeline/Pipeline.php(151): Illuminate\\Foundation\\Http\\Middleware\\CheckForMaintenanceMode->handle(Object(Illuminate\\Http\\Request), Object(Closure))
#55 /var/www/api/vendor/laravel/framework/src/Illuminate/Routing/Pipeline.php(53): Illuminate\\Pipeline\\Pipeline->Illuminate\\Pipeline\\{closure}(Object(Illuminate\\Http\\Request))
#56 /var/www/api/vendor/laravel/framework/src/Illuminate/Pipeline/Pipeline.php(104): Illuminate\\Routing\\Pipeline->Illuminate\\Routing\\{closure}(Object(Illuminate\\Http\\Request))
#57 /var/www/api/vendor/laravel/framework/src/Illuminate/Foundation/Http/Kernel.php(151): Illuminate\\Pipeline\\Pipeline->then(Object(Closure))
#58 /var/www/api/vendor/laravel/framework/src/Illuminate/Foundation/Http/Kernel.php(116): Illuminate\\Foundation\\Http\\Kernel->sendRequestThroughRouter(Object(Illuminate\\Http\\Request))
#59 /var/www/api/public/index.php(55): Illuminate\\Foundation\\Http\\Kernel->handle(Object(Illuminate\\Http\\Request))
#60 {main}
"} 
[2018-11-20 20:31:35] local.ERROR: Call to a member function toAtomString() on string {"exception":"[object] (Symfony\\Component\\Debug\\Exception\\FatalThrowableError(code: 0): Call to a member function toAtomString() on string at /var/www/api/app/JsonApi/Posts/Schema.php:36)
[stacktrace]
#0 /var/www/api/vendor/neomerx/json-api/src/Schema/ResourceObject.php(168): App\\JsonApi\\Posts\\Schema->getAttributes(Object(App\\Post))
#1 /var/www/api/vendor/neomerx/json-api/src/Document/Presenters/ElementPresenter.php(300): Neomerx\\JsonApi\\Schema\\ResourceObject->getAttributes()
#2 /var/www/api/vendor/neomerx/json-api/src/Document/Presenters/ElementPresenter.php(159): Neomerx\\JsonApi\\Document\\Presenters\\ElementPresenter->convertResourceToArray(Object(Neomerx\\JsonApi\\Schema\\ResourceObject), Array, NULL, true)
#3 /var/www/api/vendor/neomerx/json-api/src/Document/Document.php(172): Neomerx\\JsonApi\\Document\\Presenters\\ElementPresenter->convertDataResourceToArray(Object(Neomerx\\JsonApi\\Schema\\ResourceObject), true)
#4 /var/www/api/vendor/neomerx/json-api/src/Encoder/Handlers/ReplyInterpreter.php(152): Neomerx\\JsonApi\\Document\\Document->addToData(Object(Neomerx\\JsonApi\\Schema\\ResourceObject))
#5 /var/www/api/vendor/neomerx/json-api/src/Encoder/Handlers/ReplyInterpreter.php(70): Neomerx\\JsonApi\\Encoder\\Handlers\\ReplyInterpreter->addToData(Object(Neomerx\\JsonApi\\Encoder\\Parser\\ParserReply), Object(Neomerx\\JsonApi\\Encoder\\Stack\\StackFrame))
#6 /var/www/api/vendor/neomerx/json-api/src/Encoder/Encoder.php(227): Neomerx\\JsonApi\\Encoder\\Handlers\\ReplyInterpreter->handle(Object(Neomerx\\JsonApi\\Encoder\\Parser\\ParserReply))
#7 /var/www/api/vendor/neomerx/json-api/src/Encoder/Encoder.php(163): Neomerx\\JsonApi\\Encoder\\Encoder->encodeDataToArray(Object(CloudCreativity\\LaravelJsonApi\\Container), Object(Illuminate\\Database\\Eloquent\\Collection), Object(CloudCreativity\\LaravelJsonApi\\Encoder\\Parameters\\EncodingParameters))
#8 /var/www/api/vendor/neomerx/json-api/src/Http/Responses.php(94): Neomerx\\JsonApi\\Encoder\\Encoder->encodeData(Object(Illuminate\\Database\\Eloquent\\Collection), Object(CloudCreativity\\LaravelJsonApi\\Encoder\\Parameters\\EncodingParameters))
#9 /var/www/api/vendor/cloudcreativity/laravel-json-api/src/Http/Responses/Responses.php(187): Neomerx\\JsonApi\\Http\\Responses->getContentResponse(Object(Illuminate\\Database\\Eloquent\\Collection), 200, Array, NULL, Array)
#10 /var/www/api/vendor/cloudcreativity/laravel-json-api/src/Http/Responses/Responses.php(170): CloudCreativity\\LaravelJsonApi\\Http\\Responses\\Responses->getContentResponse(Object(Illuminate\\Database\\Eloquent\\Collection), 200, Array, NULL, Array)
#11 /var/www/api/vendor/cloudcreativity/laravel-json-api/src/Http/Controllers/JsonApiController.php(76): CloudCreativity\\LaravelJsonApi\\Http\\Responses\\Responses->content(Object(Illuminate\\Database\\Eloquent\\Collection))
#12 [internal function]: CloudCreativity\\LaravelJsonApi\\Http\\Controllers\\JsonApiController->index(Object(CloudCreativity\\LaravelJsonApi\\Store\\Store), Object(CloudCreativity\\LaravelJsonApi\\Http\\Requests\\FetchResources), 'posts')
#13 /var/www/api/vendor/laravel/framework/src/Illuminate/Routing/Controller.php(54): call_user_func_array(Array, Array)
#14 /var/www/api/vendor/laravel/framework/src/Illuminate/Routing/ControllerDispatcher.php(45): Illuminate\\Routing\\Controller->callAction('index', Array)
#15 /var/www/api/vendor/laravel/framework/src/Illuminate/Routing/Route.php(212): Illuminate\\Routing\\ControllerDispatcher->dispatch(Object(Illuminate\\Routing\\Route), Object(CloudCreativity\\LaravelJsonApi\\Http\\Controllers\\JsonApiController), 'index')
#16 /var/www/api/vendor/laravel/framework/src/Illuminate/Routing/Route.php(169): Illuminate\\Routing\\Route->runController()
#17 /var/www/api/vendor/laravel/framework/src/Illuminate/Routing/Router.php(679): Illuminate\\Routing\\Route->run()
#18 /var/www/api/vendor/laravel/framework/src/Illuminate/Routing/Pipeline.php(30): Illuminate\\Routing\\Router->Illuminate\\Routing\\{closure}(Object(Illuminate\\Http\\Request))
#19 /var/www/api/vendor/cloudcreativity/laravel-json-api/src/Http/Middleware/SubstituteBindings.php(70): Illuminate\\Routing\\Pipeline->Illuminate\\Routing\\{closure}(Object(Illuminate\\Http\\Request))
#20 /var/www/api/vendor/laravel/framework/src/Illuminate/Pipeline/Pipeline.php(151): CloudCreativity\\LaravelJsonApi\\Http\\Middleware\\SubstituteBindings->handle(Object(Illuminate\\Http\\Request), Object(Closure))
#21 /var/www/api/vendor/laravel/framework/src/Illuminate/Routing/Pipeline.php(53): Illuminate\\Pipeline\\Pipeline->Illuminate\\Pipeline\\{closure}(Object(Illuminate\\Http\\Request))
#22 /var/www/api/vendor/cloudcreativity/laravel-json-api/src/Http/Middleware/BootJsonApi.php(86): Illuminate\\Routing\\Pipeline->Illuminate\\Routing\\{closure}(Object(Illuminate\\Http\\Request))
#23 /var/www/api/vendor/laravel/framework/src/Illuminate/Pipeline/Pipeline.php(151): CloudCreativity\\LaravelJsonApi\\Http\\Middleware\\BootJsonApi->handle(Object(Illuminate\\Http\\Request), Object(Closure), 'default')
#24 /var/www/api/vendor/laravel/framework/src/Illuminate/Routing/Pipeline.php(53): Illuminate\\Pipeline\\Pipeline->Illuminate\\Pipeline\\{closure}(Object(Illuminate\\Http\\Request))
#25 /var/www/api/vendor/laravel/framework/src/Illuminate/Routing/Middleware/SubstituteBindings.php(41): Illuminate\\Routing\\Pipeline->Illuminate\\Routing\\{closure}(Object(Illuminate\\Http\\Request))
#26 /var/www/api/vendor/laravel/framework/src/Illuminate/Pipeline/Pipeline.php(151): Illuminate\\Routing\\Middleware\\SubstituteBindings->handle(Object(Illuminate\\Http\\Request), Object(Closure))
#27 /var/www/api/vendor/laravel/framework/src/Illuminate/Routing/Pipeline.php(53): Illuminate\\Pipeline\\Pipeline->Illuminate\\Pipeline\\{closure}(Object(Illuminate\\Http\\Request))
#28 /var/www/api/vendor/laravel/framework/src/Illuminate/Routing/Middleware/ThrottleRequests.php(58): Illuminate\\Routing\\Pipeline->Illuminate\\Routing\\{closure}(Object(Illuminate\\Http\\Request))
#29 /var/www/api/vendor/laravel/framework/src/Illuminate/Pipeline/Pipeline.php(151): Illuminate\\Routing\\Middleware\\ThrottleRequests->handle(Object(Illuminate\\Http\\Request), Object(Closure), 60, '1')
#30 /var/www/api/vendor/laravel/framework/src/Illuminate/Routing/Pipeline.php(53): Illuminate\\Pipeline\\Pipeline->Illuminate\\Pipeline\\{closure}(Object(Illuminate\\Http\\Request))
#31 /var/www/api/vendor/laravel/framework/src/Illuminate/Pipeline/Pipeline.php(104): Illuminate\\Routing\\Pipeline->Illuminate\\Routing\\{closure}(Object(Illuminate\\Http\\Request))
#32 /var/www/api/vendor/laravel/framework/src/Illuminate/Routing/Router.php(681): Illuminate\\Pipeline\\Pipeline->then(Object(Closure))
#33 /var/www/api/vendor/laravel/framework/src/Illuminate/Routing/Router.php(656): Illuminate\\Routing\\Router->runRouteWithinStack(Object(Illuminate\\Routing\\Route), Object(Illuminate\\Http\\Request))
#34 /var/www/api/vendor/laravel/framework/src/Illuminate/Routing/Router.php(622): Illuminate\\Routing\\Router->runRoute(Object(Illuminate\\Http\\Request), Object(Illuminate\\Routing\\Route))
#35 /var/www/api/vendor/laravel/framework/src/Illuminate/Routing/Router.php(611): Illuminate\\Routing\\Router->dispatchToRoute(Object(Illuminate\\Http\\Request))
#36 /var/www/api/vendor/laravel/framework/src/Illuminate/Foundation/Http/Kernel.php(176): Illuminate\\Routing\\Router->dispatch(Object(Illuminate\\Http\\Request))
#37 /var/www/api/vendor/laravel/framework/src/Illuminate/Routing/Pipeline.php(30): Illuminate\\Foundation\\Http\\Kernel->Illuminate\\Foundation\\Http\\{closure}(Object(Illuminate\\Http\\Request))
#38 /var/www/api/vendor/barryvdh/laravel-cors/src/HandleCors.php(36): Illuminate\\Routing\\Pipeline->Illuminate\\Routing\\{closure}(Object(Illuminate\\Http\\Request))
#39 /var/www/api/vendor/laravel/framework/src/Illuminate/Pipeline/Pipeline.php(151): Barryvdh\\Cors\\HandleCors->handle(Object(Illuminate\\Http\\Request), Object(Closure))
#40 /var/www/api/vendor/laravel/framework/src/Illuminate/Routing/Pipeline.php(53): Illuminate\\Pipeline\\Pipeline->Illuminate\\Pipeline\\{closure}(Object(Illuminate\\Http\\Request))
#41 /var/www/api/vendor/fideloper/proxy/src/TrustProxies.php(57): Illuminate\\Routing\\Pipeline->Illuminate\\Routing\\{closure}(Object(Illuminate\\Http\\Request))
#42 /var/www/api/vendor/laravel/framework/src/Illuminate/Pipeline/Pipeline.php(151): Fideloper\\Proxy\\TrustProxies->handle(Object(Illuminate\\Http\\Request), Object(Closure))
#43 /var/www/api/vendor/laravel/framework/src/Illuminate/Routing/Pipeline.php(53): Illuminate\\Pipeline\\Pipeline->Illuminate\\Pipeline\\{closure}(Object(Illuminate\\Http\\Request))
#44 /var/www/api/vendor/laravel/framework/src/Illuminate/Foundation/Http/Middleware/TransformsRequest.php(31): Illuminate\\Routing\\Pipeline->Illuminate\\Routing\\{closure}(Object(Illuminate\\Http\\Request))
#45 /var/www/api/vendor/laravel/framework/src/Illuminate/Pipeline/Pipeline.php(151): Illuminate\\Foundation\\Http\\Middleware\\TransformsRequest->handle(Object(Illuminate\\Http\\Request), Object(Closure))
#46 /var/www/api/vendor/laravel/framework/src/Illuminate/Routing/Pipeline.php(53): Illuminate\\Pipeline\\Pipeline->Illuminate\\Pipeline\\{closure}(Object(Illuminate\\Http\\Request))
#47 /var/www/api/vendor/laravel/framework/src/Illuminate/Foundation/Http/Middleware/TransformsRequest.php(31): Illuminate\\Routing\\Pipeline->Illuminate\\Routing\\{closure}(Object(Illuminate\\Http\\Request))
#48 /var/www/api/vendor/laravel/framework/src/Illuminate/Pipeline/Pipeline.php(151): Illuminate\\Foundation\\Http\\Middleware\\TransformsRequest->handle(Object(Illuminate\\Http\\Request), Object(Closure))
#49 /var/www/api/vendor/laravel/framework/src/Illuminate/Routing/Pipeline.php(53): Illuminate\\Pipeline\\Pipeline->Illuminate\\Pipeline\\{closure}(Object(Illuminate\\Http\\Request))
#50 /var/www/api/vendor/laravel/framework/src/Illuminate/Foundation/Http/Middleware/ValidatePostSize.php(27): Illuminate\\Routing\\Pipeline->Illuminate\\Routing\\{closure}(Object(Illuminate\\Http\\Request))
#51 /var/www/api/vendor/laravel/framework/src/Illuminate/Pipeline/Pipeline.php(151): Illuminate\\Foundation\\Http\\Middleware\\ValidatePostSize->handle(Object(Illuminate\\Http\\Request), Object(Closure))
#52 /var/www/api/vendor/laravel/framework/src/Illuminate/Routing/Pipeline.php(53): Illuminate\\Pipeline\\Pipeline->Illuminate\\Pipeline\\{closure}(Object(Illuminate\\Http\\Request))
#53 /var/www/api/vendor/laravel/framework/src/Illuminate/Foundation/Http/Middleware/CheckForMaintenanceMode.php(62): Illuminate\\Routing\\Pipeline->Illuminate\\Routing\\{closure}(Object(Illuminate\\Http\\Request))
#54 /var/www/api/vendor/laravel/framework/src/Illuminate/Pipeline/Pipeline.php(151): Illuminate\\Foundation\\Http\\Middleware\\CheckForMaintenanceMode->handle(Object(Illuminate\\Http\\Request), Object(Closure))
#55 /var/www/api/vendor/laravel/framework/src/Illuminate/Routing/Pipeline.php(53): Illuminate\\Pipeline\\Pipeline->Illuminate\\Pipeline\\{closure}(Object(Illuminate\\Http\\Request))
#56 /var/www/api/vendor/laravel/framework/src/Illuminate/Pipeline/Pipeline.php(104): Illuminate\\Routing\\Pipeline->Illuminate\\Routing\\{closure}(Object(Illuminate\\Http\\Request))
#57 /var/www/api/vendor/laravel/framework/src/Illuminate/Foundation/Http/Kernel.php(151): Illuminate\\Pipeline\\Pipeline->then(Object(Closure))
#58 /var/www/api/vendor/laravel/framework/src/Illuminate/Foundation/Http/Kernel.php(116): Illuminate\\Foundation\\Http\\Kernel->sendRequestThroughRouter(Object(Illuminate\\Http\\Request))
#59 /var/www/api/public/index.php(55): Illuminate\\Foundation\\Http\\Kernel->handle(Object(Illuminate\\Http\\Request))
#60 {main}
"} 
